Using pre-set license
Built from '2020.2/release' branch; Version is '2020.2.2f1 (068178b99f32) revision 426360'; Using compiler version '192528614'; Build Type 'Release'
OS: 'Windows 10 Home; OS build 19042.1110; Version 2009; 64bit' Language: 'en' Physical Memory: 16169 MB
BatchMode: 1, IsHumanControllingUs: 0, StartBugReporterOnCrash: 0, Is64bit: 1, IsPro: 0

 COMMAND LINE ARGUMENTS:
C:\Paras Unity\Github\2020.2.2f1\Editor\Unity.exe
-adb2
-batchMode
-noUpm
-name
AssetImportWorker0
-projectPath
C:/Paras Unity/Github/n8jam/n8jam
-logFile
Logs/AssetImportWorker0.log
-srvPort
63752
Successfully changed project path to: C:/Paras Unity/Github/n8jam/n8jam
C:/Paras Unity/Github/n8jam/n8jam
Using Asset Import Pipeline V2.
Refreshing native plugins compatible for Editor in 48.20 ms, found 1 plugins.
Preloading 0 native plugins for Editor in 0.00 ms.
Initialize engine version: 2020.2.2f1 (068178b99f32)
[Subsystems] Discovering subsystems at path C:/Paras Unity/Github/2020.2.2f1/Editor/Data/Resources/UnitySubsystems
[Subsystems] Discovering subsystems at path C:/Paras Unity/Github/n8jam/n8jam/Assets
GfxDevice: creating device client; threaded=0
Direct3D:
    Version:  Direct3D 11.0 [level 11.1]
    Renderer: NVIDIA GeForce RTX 2060 (ID=0x1f15)
    Vendor:   
    VRAM:     5980 MB
    Driver:   27.21.14.5763
Shader 'Universal Render Pipeline/Particles/Lit': fallback shader 'Universal Render Pipeline/Particles/SimpleLit' not found
Initialize mono
Mono path[0] = 'C:/Paras Unity/Github/2020.2.2f1/Editor/Data/Managed'
Mono path[1] = 'C:/Paras Unity/Github/2020.2.2f1/Editor/Data/MonoBleedingEdge/lib/mono/unityjit'
Mono config path = 'C:/Paras Unity/Github/2020.2.2f1/Editor/Data/MonoBleedingEdge/etc'
Using monoOptions --debugger-agent=transport=dt_socket,embedding=1,server=y,suspend=n,address=127.0.0.1:56284
Begin MonoManager ReloadAssembly
Registering precompiled unity dll's ...
Register platform support module: C:/Paras Unity/Github/2020.2.2f1/Editor/Data/PlaybackEngines/WebGLSupport/UnityEditor.WebGL.Extensions.dll
Register platform support module: C:/Paras Unity/Github/2020.2.2f1/Editor/Data/PlaybackEngines/MacStandaloneSupport/UnityEditor.OSXStandalone.Extensions.dll
Register platform support module: C:/Paras Unity/Github/2020.2.2f1/Editor/Data/PlaybackEngines/WindowsStandaloneSupport/UnityEditor.WindowsStandalone.Extensions.dll
Register platform support module: C:/Paras Unity/Github/2020.2.2f1/Editor/Data/PlaybackEngines/LinuxStandaloneSupport/UnityEditor.LinuxStandalone.Extensions.dll
Registered in 0.003440 seconds.
Native extension for LinuxStandalone target not found
Native extension for WindowsStandalone target not found
Native extension for OSXStandalone target not found
Native extension for WebGL target not found
Refreshing native plugins compatible for Editor in 44.84 ms, found 1 plugins.
Preloading 0 native plugins for Editor in 0.00 ms.
Invoked RoslynAnalysisRunner static constructor.
RoslynAnalysisRunner will not be running.
RoslynAnalysisRunner has terminated.
Mono: successfully reloaded assembly
- Completed reload, in  1.256 seconds
Platform modules already initialized, skipping
Registering precompiled user dll's ...
Registered in 0.001985 seconds.
Begin MonoManager ReloadAssembly
Native extension for LinuxStandalone target not found
Native extension for WindowsStandalone target not found
Native extension for OSXStandalone target not found
Native extension for WebGL target not found
Refreshing native plugins compatible for Editor in 68.77 ms, found 1 plugins.
Preloading 0 native plugins for Editor in 0.00 ms.
Invoked RoslynAnalysisRunner static constructor.
RoslynAnalysisRunner will not be running.
RoslynAnalysisRunner has terminated.
Mono: successfully reloaded assembly
- Completed reload, in  8.025 seconds
Platform modules already initialized, skipping
========================================================================
Worker process is ready to serve import requests
Shader 'Universal Render Pipeline/Particles/Lit': fallback shader 'Universal Render Pipeline/Particles/SimpleLit' not found
Launched and connected shader compiler UnityShaderCompiler.exe after 0.09 seconds
Refreshing native plugins compatible for Editor in 0.84 ms, found 1 plugins.
Preloading 0 native plugins for Editor in 0.00 ms.
Unloading 2934 Unused Serialized files (Serialized files now loaded: 0)
System memory in use before: 128.4 MB.
System memory in use after: 128.5 MB.

Unloading 24 unused Assets to reduce memory usage. Loaded Objects now: 3375.
Total: 7.158500 ms (FindLiveObjects: 0.564300 ms CreateObjectMapping: 0.314500 ms MarkObjects: 6.106600 ms  DeleteObjects: 0.170700 ms)

========================================================================
Received Import Request.
  path: Assets/Scripts/ParticleSystemActivator.cs
  artifactKey: Guid(63299b50fb377b94eba204968e2a4dd2) Importer(815301076,1909f56bfc062723c751e8b465ee728b)
Start importing Assets/Scripts/ParticleSystemActivator.cs using Guid(63299b50fb377b94eba204968e2a4dd2) Importer(815301076,1909f56bfc062723c751e8b465ee728b)  -> (artifact id: '0997832f1387414e89d07490b16775cb') in 0.370967 seconds
  Import took 0.394468 seconds .

========================================================================
Received Prepare
Registering precompiled user dll's ...
Registered in 0.076849 seconds.
Begin MonoManager ReloadAssembly
Native extension for LinuxStandalone target not found
Native extension for WindowsStandalone target not found
Native extension for OSXStandalone target not found
Native extension for WebGL target not found
Refreshing native plugins compatible for Editor in 0.59 ms, found 1 plugins.
Preloading 0 native plugins for Editor in 0.00 ms.
Invoked RoslynAnalysisRunner static constructor.
RoslynAnalysisRunner will not be running.
RoslynAnalysisRunner has terminated.
Mono: successfully reloaded assembly
- Completed reload, in  0.864 seconds
Platform modules already initialized, skipping
Shader 'Universal Render Pipeline/Particles/Lit': fallback shader 'Universal Render Pipeline/Particles/SimpleLit' not found
Refreshing native plugins compatible for Editor in 0.44 ms, found 1 plugins.
Preloading 0 native plugins for Editor in 0.00 ms.
Unloading 2825 Unused Serialized files (Serialized files now loaded: 0)
System memory in use before: 123.0 MB.
System memory in use after: 123.1 MB.

Unloading 13 unused Assets to reduce memory usage. Loaded Objects now: 3378.
Total: 6.160000 ms (FindLiveObjects: 0.382200 ms CreateObjectMapping: 0.346200 ms MarkObjects: 5.161300 ms  DeleteObjects: 0.268200 ms)

========================================================================
Received Import Request.
  Time since last request: 79.283258 seconds.
  path: Assets/Prefabs/Explode.prefab
  artifactKey: Guid(445d5cef93a3b8f4482b219825ec0f45) Importer(815301076,1909f56bfc062723c751e8b465ee728b)
Start importing Assets/Prefabs/Explode.prefab using Guid(445d5cef93a3b8f4482b219825ec0f45) Importer(815301076,1909f56bfc062723c751e8b465ee728b)  -> (artifact id: '9a2177f413ddc7c10b4bb1f1c5c0d7d7') in 0.080493 seconds
  Import took 0.085038 seconds .

========================================================================
Received Prepare
Registering precompiled user dll's ...
Registered in 0.001746 seconds.
Begin MonoManager ReloadAssembly
Native extension for LinuxStandalone target not found
Native extension for WindowsStandalone target not found
Native extension for OSXStandalone target not found
Native extension for WebGL target not found
Refreshing native plugins compatible for Editor in 0.46 ms, found 1 plugins.
Preloading 0 native plugins for Editor in 0.00 ms.
Invoked RoslynAnalysisRunner static constructor.
RoslynAnalysisRunner will not be running.
RoslynAnalysisRunner has terminated.
Mono: successfully reloaded assembly
- Completed reload, in  0.806 seconds
Platform modules already initialized, skipping
Shader 'Universal Render Pipeline/Particles/Lit': fallback shader 'Universal Render Pipeline/Particles/SimpleLit' not found
Refreshing native plugins compatible for Editor in 0.46 ms, found 1 plugins.
Preloading 0 native plugins for Editor in 0.00 ms.
Unloading 2825 Unused Serialized files (Serialized files now loaded: 0)
System memory in use before: 123.9 MB.
System memory in use after: 124.0 MB.

Unloading 13 unused Assets to reduce memory usage. Loaded Objects now: 3381.
Total: 2.236800 ms (FindLiveObjects: 0.267000 ms CreateObjectMapping: 0.138800 ms MarkObjects: 1.728900 ms  DeleteObjects: 0.101000 ms)

========================================================================
Received Import Request.
  Time since last request: 8.533771 seconds.
  path: Assets/Prefabs/Explode.prefab
  artifactKey: Guid(445d5cef93a3b8f4482b219825ec0f45) Importer(815301076,1909f56bfc062723c751e8b465ee728b)
Start importing Assets/Prefabs/Explode.prefab using Guid(445d5cef93a3b8f4482b219825ec0f45) Importer(815301076,1909f56bfc062723c751e8b465ee728b)  -> (artifact id: '1a15e7ce6c98fe6e1ca2b90bd3da89e0') in 0.039532 seconds
  Import took 0.044423 seconds .

========================================================================
Received Import Request.
  Time since last request: 8.498514 seconds.
  path: Assets/Prefabs/Explode.prefab
  artifactKey: Guid(445d5cef93a3b8f4482b219825ec0f45) Importer(815301076,1909f56bfc062723c751e8b465ee728b)
Start importing Assets/Prefabs/Explode.prefab using Guid(445d5cef93a3b8f4482b219825ec0f45) Importer(815301076,1909f56bfc062723c751e8b465ee728b)  -> (artifact id: 'd13360efa9c24d1b591cba2e1e605653') in 0.004518 seconds
  Import took 0.008497 seconds .

========================================================================
Received Import Request.
  Time since last request: 0.012624 seconds.
  path: Assets/Prefabs/Explode.prefab
  artifactKey: Guid(445d5cef93a3b8f4482b219825ec0f45) Importer(815301076,1909f56bfc062723c751e8b465ee728b)
Start importing Assets/Prefabs/Explode.prefab using Guid(445d5cef93a3b8f4482b219825ec0f45) Importer(815301076,1909f56bfc062723c751e8b465ee728b)  -> (artifact id: 'd13360efa9c24d1b591cba2e1e605653') in 0.004103 seconds
  Import took 0.008338 seconds .

========================================================================
Received Import Request.
  Time since last request: 3.430306 seconds.
  path: Assets/Prefabs/Explode.prefab
  artifactKey: Guid(445d5cef93a3b8f4482b219825ec0f45) Importer(815301076,1909f56bfc062723c751e8b465ee728b)
Start importing Assets/Prefabs/Explode.prefab using Guid(445d5cef93a3b8f4482b219825ec0f45) Importer(815301076,1909f56bfc062723c751e8b465ee728b)  -> (artifact id: 'e4ed46870d02e2465dadd83ec0e8857a') in 0.004851 seconds
  Import took 0.010134 seconds .

========================================================================
Received Import Request.
  Time since last request: 0.005908 seconds.
  path: Assets/Prefabs/Explode.prefab
  artifactKey: Guid(445d5cef93a3b8f4482b219825ec0f45) Importer(815301076,1909f56bfc062723c751e8b465ee728b)
Start importing Assets/Prefabs/Explode.prefab using Guid(445d5cef93a3b8f4482b219825ec0f45) Importer(815301076,1909f56bfc062723c751e8b465ee728b)  -> (artifact id: 'e4ed46870d02e2465dadd83ec0e8857a') in 0.004798 seconds
  Import took 0.009495 seconds .

========================================================================
Received Prepare
Registering precompiled user dll's ...
Registered in 0.001744 seconds.
Begin MonoManager ReloadAssembly
Native extension for LinuxStandalone target not found
Native extension for WindowsStandalone target not found
Native extension for OSXStandalone target not found
Native extension for WebGL target not found
Refreshing native plugins compatible for Editor in 1.46 ms, found 1 plugins.
Preloading 0 native plugins for Editor in 0.00 ms.
Invoked RoslynAnalysisRunner static constructor.
RoslynAnalysisRunner will not be running.
RoslynAnalysisRunner has terminated.
Mono: successfully reloaded assembly
- Completed reload, in  1.064 seconds
Platform modules already initialized, skipping
Shader 'Universal Render Pipeline/Particles/Lit': fallback shader 'Universal Render Pipeline/Particles/SimpleLit' not found
Refreshing native plugins compatible for Editor in 0.69 ms, found 1 plugins.
Preloading 0 native plugins for Editor in 0.00 ms.
Unloading 2825 Unused Serialized files (Serialized files now loaded: 0)
System memory in use before: 124.1 MB.
System memory in use after: 124.2 MB.

Unloading 13 unused Assets to reduce memory usage. Loaded Objects now: 3384.
Total: 3.161700 ms (FindLiveObjects: 0.352100 ms CreateObjectMapping: 0.232700 ms MarkObjects: 2.277500 ms  DeleteObjects: 0.297100 ms)

========================================================================
Received Import Request.
  Time since last request: 13.873411 seconds.
  path: Assets/Prefabs/Explode.prefab
  artifactKey: Guid(445d5cef93a3b8f4482b219825ec0f45) Importer(815301076,1909f56bfc062723c751e8b465ee728b)
Start importing Assets/Prefabs/Explode.prefab using Guid(445d5cef93a3b8f4482b219825ec0f45) Importer(815301076,1909f56bfc062723c751e8b465ee728b)  -> (artifact id: 'f81271cd1548ae577357a0712acb4935') in 0.027753 seconds
  Import took 0.033379 seconds .

========================================================================
Received Import Request.
  Time since last request: 0.024028 seconds.
  path: Assets/Prefabs/Explode.prefab
  artifactKey: Guid(445d5cef93a3b8f4482b219825ec0f45) Importer(815301076,1909f56bfc062723c751e8b465ee728b)
Start importing Assets/Prefabs/Explode.prefab using Guid(445d5cef93a3b8f4482b219825ec0f45) Importer(815301076,1909f56bfc062723c751e8b465ee728b)  -> (artifact id: 'f81271cd1548ae577357a0712acb4935') in 0.004555 seconds
  Import took 0.009533 seconds .

========================================================================
Received Import Request.
  Time since last request: 3.259719 seconds.
  path: Assets/Prefabs/Explode.prefab
  artifactKey: Guid(445d5cef93a3b8f4482b219825ec0f45) Importer(815301076,1909f56bfc062723c751e8b465ee728b)
Start importing Assets/Prefabs/Explode.prefab using Guid(445d5cef93a3b8f4482b219825ec0f45) Importer(815301076,1909f56bfc062723c751e8b465ee728b)  -> (artifact id: '157c0bce3bf687381bcc2da7d305f9f6') in 0.004468 seconds
  Import took 0.009242 seconds .

========================================================================
Received Import Request.
  Time since last request: 0.017715 seconds.
  path: Assets/Prefabs/Explode.prefab
  artifactKey: Guid(445d5cef93a3b8f4482b219825ec0f45) Importer(815301076,1909f56bfc062723c751e8b465ee728b)
Start importing Assets/Prefabs/Explode.prefab using Guid(445d5cef93a3b8f4482b219825ec0f45) Importer(815301076,1909f56bfc062723c751e8b465ee728b)  -> (artifact id: '157c0bce3bf687381bcc2da7d305f9f6') in 0.004331 seconds
  Import took 0.009680 seconds .

========================================================================
Received Prepare
Registering precompiled user dll's ...
Registered in 0.001766 seconds.
Begin MonoManager ReloadAssembly
Native extension for LinuxStandalone target not found
Native extension for WindowsStandalone target not found
Native extension for OSXStandalone target not found
Native extension for WebGL target not found
Refreshing native plugins compatible for Editor in 0.48 ms, found 1 plugins.
Preloading 0 native plugins for Editor in 0.00 ms.
Invoked RoslynAnalysisRunner static constructor.
RoslynAnalysisRunner will not be running.
RoslynAnalysisRunner has terminated.
Mono: successfully reloaded assembly
- Completed reload, in  0.834 seconds
Platform modules already initialized, skipping
Shader 'Universal Render Pipeline/Particles/Lit': fallback shader 'Universal Render Pipeline/Particles/SimpleLit' not found
Refreshing native plugins compatible for Editor in 0.49 ms, found 1 plugins.
Preloading 0 native plugins for Editor in 0.00 ms.
Unloading 2825 Unused Serialized files (Serialized files now loaded: 0)
System memory in use before: 124.1 MB.
System memory in use after: 124.2 MB.

Unloading 13 unused Assets to reduce memory usage. Loaded Objects now: 3387.
Total: 2.318300 ms (FindLiveObjects: 0.303000 ms CreateObjectMapping: 0.164900 ms MarkObjects: 1.743300 ms  DeleteObjects: 0.106000 ms)

========================================================================
Received Prepare
Registering precompiled user dll's ...
Registered in 0.001698 seconds.
Begin MonoManager ReloadAssembly
Native extension for LinuxStandalone target not found
Native extension for WindowsStandalone target not found
Native extension for OSXStandalone target not found
Native extension for WebGL target not found
Refreshing native plugins compatible for Editor in 0.61 ms, found 1 plugins.
Preloading 0 native plugins for Editor in 0.00 ms.
Invoked RoslynAnalysisRunner static constructor.
RoslynAnalysisRunner will not be running.
RoslynAnalysisRunner has terminated.
Mono: successfully reloaded assembly
- Completed reload, in  1.012 seconds
Platform modules already initialized, skipping
Shader 'Universal Render Pipeline/Particles/Lit': fallback shader 'Universal Render Pipeline/Particles/SimpleLit' not found
Refreshing native plugins compatible for Editor in 0.57 ms, found 1 plugins.
Preloading 0 native plugins for Editor in 0.00 ms.
Unloading 2825 Unused Serialized files (Serialized files now loaded: 0)
System memory in use before: 124.2 MB.
System memory in use after: 124.3 MB.

Unloading 13 unused Assets to reduce memory usage. Loaded Objects now: 3390.
Total: 3.722700 ms (FindLiveObjects: 0.547800 ms CreateObjectMapping: 0.348700 ms MarkObjects: 2.694100 ms  DeleteObjects: 0.129300 ms)

========================================================================
Received Import Request.
  Time since last request: 28.243860 seconds.
  path: Assets/Prefabs/Explode.prefab
  artifactKey: Guid(445d5cef93a3b8f4482b219825ec0f45) Importer(815301076,1909f56bfc062723c751e8b465ee728b)
Start importing Assets/Prefabs/Explode.prefab using Guid(445d5cef93a3b8f4482b219825ec0f45) Importer(815301076,1909f56bfc062723c751e8b465ee728b)  -> (artifact id: 'ea83823a51498a3f6c7535962cdc1ed0') in 0.025608 seconds
  Import took 0.030599 seconds .

========================================================================
Received Import Request.
  Time since last request: 0.014960 seconds.
  path: Assets/Prefabs/Explode.prefab
  artifactKey: Guid(445d5cef93a3b8f4482b219825ec0f45) Importer(815301076,1909f56bfc062723c751e8b465ee728b)
Start importing Assets/Prefabs/Explode.prefab using Guid(445d5cef93a3b8f4482b219825ec0f45) Importer(815301076,1909f56bfc062723c751e8b465ee728b)  -> (artifact id: 'ea83823a51498a3f6c7535962cdc1ed0') in 0.004165 seconds
  Import took 0.008241 seconds .

========================================================================
Received Import Request.
  Time since last request: 1.641205 seconds.
  path: Assets/Prefabs/Explode.prefab
  artifactKey: Guid(445d5cef93a3b8f4482b219825ec0f45) Importer(815301076,1909f56bfc062723c751e8b465ee728b)
Start importing Assets/Prefabs/Explode.prefab using Guid(445d5cef93a3b8f4482b219825ec0f45) Importer(815301076,1909f56bfc062723c751e8b465ee728b)  -> (artifact id: '15cc70b0d795f477266f3e219047ff30') in 0.004541 seconds
  Import took 0.010366 seconds .

========================================================================
Received Import Request.
  Time since last request: 0.005621 seconds.
  path: Assets/Prefabs/Explode.prefab
  artifactKey: Guid(445d5cef93a3b8f4482b219825ec0f45) Importer(815301076,1909f56bfc062723c751e8b465ee728b)
Start importing Assets/Prefabs/Explode.prefab using Guid(445d5cef93a3b8f4482b219825ec0f45) Importer(815301076,1909f56bfc062723c751e8b465ee728b)  -> (artifact id: '15cc70b0d795f477266f3e219047ff30') in 0.004761 seconds
  Import took 0.010509 seconds .

========================================================================
Received Prepare
Registering precompiled user dll's ...
Registered in 0.001819 seconds.
Begin MonoManager ReloadAssembly
Native extension for LinuxStandalone target not found
Native extension for WindowsStandalone target not found
Native extension for OSXStandalone target not found
Native extension for WebGL target not found
Refreshing native plugins compatible for Editor in 0.54 ms, found 1 plugins.
Preloading 0 native plugins for Editor in 0.00 ms.
Invoked RoslynAnalysisRunner static constructor.
RoslynAnalysisRunner will not be running.
RoslynAnalysisRunner has terminated.
Mono: successfully reloaded assembly
- Completed reload, in  0.825 seconds
Platform modules already initialized, skipping
Shader 'Universal Render Pipeline/Particles/Lit': fallback shader 'Universal Render Pipeline/Particles/SimpleLit' not found
Refreshing native plugins compatible for Editor in 0.44 ms, found 1 plugins.
Preloading 0 native plugins for Editor in 0.00 ms.
Unloading 2825 Unused Serialized files (Serialized files now loaded: 0)
System memory in use before: 124.2 MB.
System memory in use after: 124.3 MB.

Unloading 13 unused Assets to reduce memory usage. Loaded Objects now: 3393.
Total: 2.296400 ms (FindLiveObjects: 0.272700 ms CreateObjectMapping: 0.148800 ms MarkObjects: 1.765800 ms  DeleteObjects: 0.108100 ms)

========================================================================
Received Import Request.
  Time since last request: 31.885318 seconds.
  path: Assets/Prefabs/Explode.prefab
  artifactKey: Guid(445d5cef93a3b8f4482b219825ec0f45) Importer(815301076,1909f56bfc062723c751e8b465ee728b)
Start importing Assets/Prefabs/Explode.prefab using Guid(445d5cef93a3b8f4482b219825ec0f45) Importer(815301076,1909f56bfc062723c751e8b465ee728b)  -> (artifact id: 'a993e046c6cf4965be328a6b80f54ea3') in 0.029545 seconds
  Import took 0.035837 seconds .

========================================================================
Received Import Request.
  Time since last request: 0.001116 seconds.
  path: Assets/Prefabs/Explode.prefab
  artifactKey: Guid(445d5cef93a3b8f4482b219825ec0f45) Importer(815301076,1909f56bfc062723c751e8b465ee728b)
Start importing Assets/Prefabs/Explode.prefab using Guid(445d5cef93a3b8f4482b219825ec0f45) Importer(815301076,1909f56bfc062723c751e8b465ee728b)  -> (artifact id: 'a993e046c6cf4965be328a6b80f54ea3') in 0.004251 seconds
  Import took 0.010745 seconds .

========================================================================
Received Import Request.
  Time since last request: 1.366402 seconds.
  path: Assets/Prefabs/Explode.prefab
  artifactKey: Guid(445d5cef93a3b8f4482b219825ec0f45) Importer(815301076,1909f56bfc062723c751e8b465ee728b)
Start importing Assets/Prefabs/Explode.prefab using Guid(445d5cef93a3b8f4482b219825ec0f45) Importer(815301076,1909f56bfc062723c751e8b465ee728b)  -> (artifact id: '9624b4bba890b884b384779c0e131ce7') in 0.004681 seconds
  Import took 0.010445 seconds .

========================================================================
Received Import Request.
  Time since last request: 0.011687 seconds.
  path: Assets/Prefabs/Explode.prefab
  artifactKey: Guid(445d5cef93a3b8f4482b219825ec0f45) Importer(815301076,1909f56bfc062723c751e8b465ee728b)
Start importing Assets/Prefabs/Explode.prefab using Guid(445d5cef93a3b8f4482b219825ec0f45) Importer(815301076,1909f56bfc062723c751e8b465ee728b)  -> (artifact id: '9624b4bba890b884b384779c0e131ce7') in 0.005173 seconds
  Import took 0.011324 seconds .

========================================================================
Received Prepare
Registering precompiled user dll's ...
Registered in 0.001975 seconds.
Begin MonoManager ReloadAssembly
Native extension for LinuxStandalone target not found
Native extension for WindowsStandalone target not found
Native extension for OSXStandalone target not found
Native extension for WebGL target not found
Refreshing native plugins compatible for Editor in 0.52 ms, found 1 plugins.
Preloading 0 native plugins for Editor in 0.00 ms.
Invoked RoslynAnalysisRunner static constructor.
RoslynAnalysisRunner will not be running.
RoslynAnalysisRunner has terminated.
Mono: successfully reloaded assembly
- Completed reload, in  0.827 seconds
Platform modules already initialized, skipping
Shader 'Universal Render Pipeline/Particles/Lit': fallback shader 'Universal Render Pipeline/Particles/SimpleLit' not found
Refreshing native plugins compatible for Editor in 0.46 ms, found 1 plugins.
Preloading 0 native plugins for Editor in 0.00 ms.
Unloading 2825 Unused Serialized files (Serialized files now loaded: 0)
System memory in use before: 123.9 MB.
System memory in use after: 124.0 MB.

Unloading 13 unused Assets to reduce memory usage. Loaded Objects now: 3396.
Total: 2.063200 ms (FindLiveObjects: 0.274200 ms CreateObjectMapping: 0.124300 ms MarkObjects: 1.559100 ms  DeleteObjects: 0.104700 ms)

========================================================================
Received Prepare
Registering precompiled user dll's ...
Registered in 0.052739 seconds.
Begin MonoManager ReloadAssembly
Native extension for LinuxStandalone target not found
Native extension for WindowsStandalone target not found
Native extension for OSXStandalone target not found
Native extension for WebGL target not found
Refreshing native plugins compatible for Editor in 0.51 ms, found 1 plugins.
Preloading 0 native plugins for Editor in 0.00 ms.
Invoked RoslynAnalysisRunner static constructor.
RoslynAnalysisRunner will not be running.
RoslynAnalysisRunner has terminated.
Mono: successfully reloaded assembly
- Completed reload, in  0.961 seconds
Platform modules already initialized, skipping
Shader 'Universal Render Pipeline/Particles/Lit': fallback shader 'Universal Render Pipeline/Particles/SimpleLit' not found
Refreshing native plugins compatible for Editor in 0.63 ms, found 1 plugins.
Preloading 0 native plugins for Editor in 0.00 ms.
Unloading 2825 Unused Serialized files (Serialized files now loaded: 0)
System memory in use before: 124.2 MB.
System memory in use after: 124.3 MB.

Unloading 13 unused Assets to reduce memory usage. Loaded Objects now: 3399.
Total: 3.573500 ms (FindLiveObjects: 0.538700 ms CreateObjectMapping: 0.383800 ms MarkObjects: 2.498500 ms  DeleteObjects: 0.150900 ms)

========================================================================
Received Prepare
Registering precompiled user dll's ...
Registered in 0.002128 seconds.
Begin MonoManager ReloadAssembly
Native extension for LinuxStandalone target not found
Native extension for WindowsStandalone target not found
Native extension for OSXStandalone target not found
Native extension for WebGL target not found
Refreshing native plugins compatible for Editor in 0.57 ms, found 1 plugins.
Preloading 0 native plugins for Editor in 0.00 ms.
Invoked RoslynAnalysisRunner static constructor.
RoslynAnalysisRunner will not be running.
RoslynAnalysisRunner has terminated.
Mono: successfully reloaded assembly
- Completed reload, in  0.991 seconds
Platform modules already initialized, skipping
Shader 'Universal Render Pipeline/Particles/Lit': fallback shader 'Universal Render Pipeline/Particles/SimpleLit' not found
Refreshing native plugins compatible for Editor in 1.11 ms, found 1 plugins.
Preloading 0 native plugins for Editor in 0.00 ms.
Unloading 2825 Unused Serialized files (Serialized files now loaded: 0)
System memory in use before: 124.1 MB.
System memory in use after: 124.2 MB.

Unloading 13 unused Assets to reduce memory usage. Loaded Objects now: 3402.
Total: 3.938800 ms (FindLiveObjects: 1.204100 ms CreateObjectMapping: 0.227500 ms MarkObjects: 2.374700 ms  DeleteObjects: 0.130800 ms)

========================================================================
Received Prepare
Registering precompiled user dll's ...
Registered in 0.001654 seconds.
Begin MonoManager ReloadAssembly
Native extension for LinuxStandalone target not found
Native extension for WindowsStandalone target not found
Native extension for OSXStandalone target not found
Native extension for WebGL target not found
Refreshing native plugins compatible for Editor in 0.70 ms, found 1 plugins.
Preloading 0 native plugins for Editor in 0.00 ms.
Invoked RoslynAnalysisRunner static constructor.
RoslynAnalysisRunner will not be running.
RoslynAnalysisRunner has terminated.
Mono: successfully reloaded assembly
- Completed reload, in  1.233 seconds
Platform modules already initialized, skipping
Shader 'Universal Render Pipeline/Particles/Lit': fallback shader 'Universal Render Pipeline/Particles/SimpleLit' not found
Refreshing native plugins compatible for Editor in 1.34 ms, found 1 plugins.
Preloading 0 native plugins for Editor in 0.00 ms.
Unloading 2825 Unused Serialized files (Serialized files now loaded: 0)
System memory in use before: 124.2 MB.
System memory in use after: 124.3 MB.

Unloading 13 unused Assets to reduce memory usage. Loaded Objects now: 3405.
Total: 4.721600 ms (FindLiveObjects: 0.755500 ms CreateObjectMapping: 1.001300 ms MarkObjects: 2.830600 ms  DeleteObjects: 0.132600 ms)

========================================================================
Received Prepare
Registering precompiled user dll's ...
Registered in 0.003702 seconds.
Begin MonoManager ReloadAssembly
Native extension for LinuxStandalone target not found
Native extension for WindowsStandalone target not found
Native extension for OSXStandalone target not found
Native extension for WebGL target not found
Refreshing native plugins compatible for Editor in 0.53 ms, found 1 plugins.
Preloading 0 native plugins for Editor in 0.00 ms.
Invoked RoslynAnalysisRunner static constructor.
RoslynAnalysisRunner will not be running.
RoslynAnalysisRunner has terminated.
Mono: successfully reloaded assembly
- Completed reload, in  0.967 seconds
Platform modules already initialized, skipping
Shader 'Universal Render Pipeline/Particles/Lit': fallback shader 'Universal Render Pipeline/Particles/SimpleLit' not found
Refreshing native plugins compatible for Editor in 0.59 ms, found 1 plugins.
Preloading 0 native plugins for Editor in 0.00 ms.
Unloading 2825 Unused Serialized files (Serialized files now loaded: 0)
System memory in use before: 124.2 MB.
System memory in use after: 124.3 MB.

Unloading 13 unused Assets to reduce memory usage. Loaded Objects now: 3408.
Total: 2.877700 ms (FindLiveObjects: 0.384400 ms CreateObjectMapping: 0.185400 ms MarkObjects: 2.181500 ms  DeleteObjects: 0.124500 ms)

========================================================================
Received Prepare
Registering precompiled user dll's ...
Registered in 0.006203 seconds.
Begin MonoManager ReloadAssembly
Native extension for LinuxStandalone target not found
Native extension for WindowsStandalone target not found
Native extension for OSXStandalone target not found
Native extension for WebGL target not found
Refreshing native plugins compatible for Editor in 1.39 ms, found 1 plugins.
Preloading 0 native plugins for Editor in 0.00 ms.
Invoked RoslynAnalysisRunner static constructor.
RoslynAnalysisRunner will not be running.
RoslynAnalysisRunner has terminated.
Mono: successfully reloaded assembly
- Completed reload, in  5.541 seconds
Platform modules already initialized, skipping
Script is not up to date after domain reload: guid(ca74354885c294c428fcd78ebce98dba) path("Assets/Scripts/EnemyAI.cs") state(2)
Shader 'Universal Render Pipeline/Particles/Lit': fallback shader 'Universal Render Pipeline/Particles/SimpleLit' not found
Refreshing native plugins compatible for Editor in 0.47 ms, found 1 plugins.
Preloading 0 native plugins for Editor in 0.00 ms.
Unloading 2825 Unused Serialized files (Serialized files now loaded: 0)
System memory in use before: 123.9 MB.
System memory in use after: 124.0 MB.

Unloading 13 unused Assets to reduce memory usage. Loaded Objects now: 3411.
Total: 2.573100 ms (FindLiveObjects: 0.337600 ms CreateObjectMapping: 0.189400 ms MarkObjects: 1.918800 ms  DeleteObjects: 0.126000 ms)

========================================================================
Received Prepare
Registering precompiled user dll's ...
Registered in 0.001768 seconds.
Begin MonoManager ReloadAssembly
Native extension for LinuxStandalone target not found
Native extension for WindowsStandalone target not found
Native extension for OSXStandalone target not found
Native extension for WebGL target not found
Refreshing native plugins compatible for Editor in 0.44 ms, found 1 plugins.
Preloading 0 native plugins for Editor in 0.00 ms.
Invoked RoslynAnalysisRunner static constructor.
RoslynAnalysisRunner will not be running.
RoslynAnalysisRunner has terminated.
Mono: successfully reloaded assembly
- Completed reload, in  0.760 seconds
Platform modules already initialized, skipping
Shader 'Universal Render Pipeline/Particles/Lit': fallback shader 'Universal Render Pipeline/Particles/SimpleLit' not found
Refreshing native plugins compatible for Editor in 0.44 ms, found 1 plugins.
Preloading 0 native plugins for Editor in 0.00 ms.
Unloading 2826 Unused Serialized files (Serialized files now loaded: 0)
System memory in use before: 124.2 MB.
System memory in use after: 124.4 MB.

Unloading 13 unused Assets to reduce memory usage. Loaded Objects now: 3415.
Total: 2.352200 ms (FindLiveObjects: 0.346300 ms CreateObjectMapping: 0.170600 ms MarkObjects: 1.736000 ms  DeleteObjects: 0.098500 ms)

========================================================================
Received Import Request.
  Time since last request: 802.878257 seconds.
  path: Assets/Scripts/EnemyAI.cs
  artifactKey: Guid(ca74354885c294c428fcd78ebce98dba) Importer(815301076,1909f56bfc062723c751e8b465ee728b)
Start importing Assets/Scripts/EnemyAI.cs using Guid(ca74354885c294c428fcd78ebce98dba) Importer(815301076,1909f56bfc062723c751e8b465ee728b)  -> (artifact id: 'c418afa669a7907ae7b528858e144061') in 0.081076 seconds
  Import took 0.089001 seconds .

========================================================================
Received Prepare
Registering precompiled user dll's ...
Registered in 0.002647 seconds.
Begin MonoManager ReloadAssembly
Native extension for LinuxStandalone target not found
Native extension for WindowsStandalone target not found
Native extension for OSXStandalone target not found
Native extension for WebGL target not found
Refreshing native plugins compatible for Editor in 0.44 ms, found 1 plugins.
Preloading 0 native plugins for Editor in 0.00 ms.
Invoked RoslynAnalysisRunner static constructor.
RoslynAnalysisRunner will not be running.
RoslynAnalysisRunner has terminated.
Mono: successfully reloaded assembly
- Completed reload, in  0.810 seconds
Platform modules already initialized, skipping
Shader 'Universal Render Pipeline/Particles/Lit': fallback shader 'Universal Render Pipeline/Particles/SimpleLit' not found
Refreshing native plugins compatible for Editor in 0.43 ms, found 1 plugins.
Preloading 0 native plugins for Editor in 0.00 ms.
Unloading 2826 Unused Serialized files (Serialized files now loaded: 0)
System memory in use before: 124.1 MB.
System memory in use after: 124.3 MB.

Unloading 13 unused Assets to reduce memory usage. Loaded Objects now: 3418.
Total: 2.461200 ms (FindLiveObjects: 0.441500 ms CreateObjectMapping: 0.157900 ms MarkObjects: 1.762700 ms  DeleteObjects: 0.098300 ms)

========================================================================
Received Prepare
Registering precompiled user dll's ...
Registered in 0.002503 seconds.
Begin MonoManager ReloadAssembly
Native extension for LinuxStandalone target not found
Native extension for WindowsStandalone target not found
Native extension for OSXStandalone target not found
Native extension for WebGL target not found
Refreshing native plugins compatible for Editor in 0.43 ms, found 1 plugins.
Preloading 0 native plugins for Editor in 0.00 ms.
Invoked RoslynAnalysisRunner static constructor.
RoslynAnalysisRunner will not be running.
RoslynAnalysisRunner has terminated.
Mono: successfully reloaded assembly
- Completed reload, in  0.793 seconds
Platform modules already initialized, skipping
Shader 'Universal Render Pipeline/Particles/Lit': fallback shader 'Universal Render Pipeline/Particles/SimpleLit' not found
Refreshing native plugins compatible for Editor in 0.46 ms, found 1 plugins.
Preloading 0 native plugins for Editor in 0.00 ms.
Unloading 2826 Unused Serialized files (Serialized files now loaded: 0)
System memory in use before: 124.2 MB.
System memory in use after: 124.4 MB.

Unloading 13 unused Assets to reduce memory usage. Loaded Objects now: 3421.
Total: 2.223500 ms (FindLiveObjects: 0.291100 ms CreateObjectMapping: 0.143300 ms MarkObjects: 1.690100 ms  DeleteObjects: 0.098300 ms)

========================================================================
Received Prepare
Registering precompiled user dll's ...
Registered in 0.001678 seconds.
Begin MonoManager ReloadAssembly
Native extension for LinuxStandalone target not found
Native extension for WindowsStandalone target not found
Native extension for OSXStandalone target not found
Native extension for WebGL target not found
Refreshing native plugins compatible for Editor in 0.43 ms, found 1 plugins.
Preloading 0 native plugins for Editor in 0.00 ms.
Invoked RoslynAnalysisRunner static constructor.
RoslynAnalysisRunner will not be running.
RoslynAnalysisRunner has terminated.
Mono: successfully reloaded assembly
- Completed reload, in  0.771 seconds
Platform modules already initialized, skipping
Shader 'Universal Render Pipeline/Particles/Lit': fallback shader 'Universal Render Pipeline/Particles/SimpleLit' not found
Refreshing native plugins compatible for Editor in 0.46 ms, found 1 plugins.
Preloading 0 native plugins for Editor in 0.00 ms.
Unloading 2826 Unused Serialized files (Serialized files now loaded: 0)
System memory in use before: 124.3 MB.
System memory in use after: 124.4 MB.

Unloading 13 unused Assets to reduce memory usage. Loaded Objects now: 3424.
Total: 2.504600 ms (FindLiveObjects: 0.273500 ms CreateObjectMapping: 0.152900 ms MarkObjects: 1.921600 ms  DeleteObjects: 0.155600 ms)

========================================================================
Received Prepare
Registering precompiled user dll's ...
Registered in 0.001699 seconds.
Begin MonoManager ReloadAssembly
Native extension for LinuxStandalone target not found
Native extension for WindowsStandalone target not found
Native extension for OSXStandalone target not found
Native extension for WebGL target not found
Refreshing native plugins compatible for Editor in 0.61 ms, found 1 plugins.
Preloading 0 native plugins for Editor in 0.00 ms.
Invoked RoslynAnalysisRunner static constructor.
RoslynAnalysisRunner will not be running.
RoslynAnalysisRunner has terminated.
Mono: successfully reloaded assembly
- Completed reload, in  0.765 seconds
Platform modules already initialized, skipping
Shader 'Universal Render Pipeline/Particles/Lit': fallback shader 'Universal Render Pipeline/Particles/SimpleLit' not found
Refreshing native plugins compatible for Editor in 0.50 ms, found 1 plugins.
Preloading 0 native plugins for Editor in 0.00 ms.
Unloading 2826 Unused Serialized files (Serialized files now loaded: 0)
System memory in use before: 124.0 MB.
System memory in use after: 124.1 MB.

Unloading 13 unused Assets to reduce memory usage. Loaded Objects now: 3427.
Total: 3.562200 ms (FindLiveObjects: 0.713200 ms CreateObjectMapping: 0.448200 ms MarkObjects: 2.270000 ms  DeleteObjects: 0.128100 ms)

========================================================================
Received Prepare
Registering precompiled user dll's ...
Registered in 0.001877 seconds.
Begin MonoManager ReloadAssembly
Native extension for LinuxStandalone target not found
Native extension for WindowsStandalone target not found
Native extension for OSXStandalone target not found
Native extension for WebGL target not found
Refreshing native plugins compatible for Editor in 0.61 ms, found 1 plugins.
Preloading 0 native plugins for Editor in 0.00 ms.
Invoked RoslynAnalysisRunner static constructor.
RoslynAnalysisRunner will not be running.
RoslynAnalysisRunner has terminated.
Mono: successfully reloaded assembly
- Completed reload, in  0.803 seconds
Platform modules already initialized, skipping
Shader 'Universal Render Pipeline/Particles/Lit': fallback shader 'Universal Render Pipeline/Particles/SimpleLit' not found
Refreshing native plugins compatible for Editor in 0.44 ms, found 1 plugins.
Preloading 0 native plugins for Editor in 0.00 ms.
Unloading 2826 Unused Serialized files (Serialized files now loaded: 0)
System memory in use before: 124.3 MB.
System memory in use after: 124.4 MB.

Unloading 13 unused Assets to reduce memory usage. Loaded Objects now: 3430.
Total: 2.655300 ms (FindLiveObjects: 0.282500 ms CreateObjectMapping: 0.139800 ms MarkObjects: 2.118300 ms  DeleteObjects: 0.113800 ms)

========================================================================
Received Import Request.
  Time since last request: 3080.641921 seconds.
  path: Assets/Scripts/EnemyAI.cs
  artifactKey: Guid(ca74354885c294c428fcd78ebce98dba) Importer(815301076,1909f56bfc062723c751e8b465ee728b)
Start importing Assets/Scripts/EnemyAI.cs using Guid(ca74354885c294c428fcd78ebce98dba) Importer(815301076,1909f56bfc062723c751e8b465ee728b)  -> (artifact id: '4df617cfbaa454e55c07033cd602cc1b') in 0.076531 seconds
  Import took 0.187598 seconds .

========================================================================
Received Prepare
Registering precompiled user dll's ...
Registered in 0.004008 seconds.
Begin MonoManager ReloadAssembly
Native extension for LinuxStandalone target not found
Native extension for WindowsStandalone target not found
Native extension for OSXStandalone target not found
Native extension for WebGL target not found
Refreshing native plugins compatible for Editor in 0.43 ms, found 1 plugins.
Preloading 0 native plugins for Editor in 0.00 ms.
Invoked RoslynAnalysisRunner static constructor.
RoslynAnalysisRunner will not be running.
RoslynAnalysisRunner has terminated.
Mono: successfully reloaded assembly
- Completed reload, in  0.820 seconds
Platform modules already initialized, skipping
Shader 'Universal Render Pipeline/Particles/Lit': fallback shader 'Universal Render Pipeline/Particles/SimpleLit' not found
Refreshing native plugins compatible for Editor in 0.44 ms, found 1 plugins.
Preloading 0 native plugins for Editor in 0.00 ms.
Unloading 2826 Unused Serialized files (Serialized files now loaded: 0)
System memory in use before: 124.2 MB.
System memory in use after: 124.3 MB.

Unloading 13 unused Assets to reduce memory usage. Loaded Objects now: 3433.
Total: 3.049800 ms (FindLiveObjects: 0.558100 ms CreateObjectMapping: 0.112500 ms MarkObjects: 2.206500 ms  DeleteObjects: 0.171300 ms)

========================================================================
Received Import Request.
  Time since last request: 998.753537 seconds.
  path: Assets/Scripts/EnemyAI.cs
  artifactKey: Guid(ca74354885c294c428fcd78ebce98dba) Importer(815301076,1909f56bfc062723c751e8b465ee728b)
Start importing Assets/Scripts/EnemyAI.cs using Guid(ca74354885c294c428fcd78ebce98dba) Importer(815301076,1909f56bfc062723c751e8b465ee728b)  -> (artifact id: '4d6cdb88f4cc8099a3b2634b84a18621') in 0.006205 seconds
  Import took 0.010308 seconds .

AssetImportWorkerClient::OnTransportError - code=2 error=End of file
